\BOOKMARK [0][-]{chapter.1}{\376\377\000I\000n\000t\000r\000o\000d\000u\000c\000t\000i\000o\000n}{}% 1
\BOOKMARK [0][-]{chapter.2}{\376\377\000B\000a\000c\000k\000g\000r\000o\000u\000n\000d}{}% 2
\BOOKMARK [1][-]{section.2.1}{\376\377\000W\000h\000a\000t\000\040\000i\000s\000\040\000t\000h\000e\000\040\000s\000l\000i\000d\000e\000\040\000g\000u\000i\000t\000a\000r\000?}{chapter.2}% 3
\BOOKMARK [1][-]{section.2.2}{\376\377\000W\000h\000a\000t\000\040\000i\000s\000\040\000p\000h\000y\000s\000i\000c\000a\000l\000\040\000m\000o\000d\000e\000l\000i\000n\000g\000\040\000a\000n\000d\000\040\000d\000i\000g\000i\000t\000a\000l\000\040\000w\000a\000v\000e\000\040\000g\000u\000i\000d\000e\000s\000?}{chapter.2}% 4
\BOOKMARK [2][-]{subsection.2.2.1}{\376\377\000F\000u\000n\000d\000a\000m\000e\000n\000t\000a\000l\000\040\000C\000o\000m\000p\000o\000n\000e\000n\000t\000s}{section.2.2}% 5
\BOOKMARK [2][-]{subsection.2.2.2}{\376\377\000A\000p\000p\000l\000i\000e\000d\000\040\000t\000o\000\040\000S\000t\000r\000i\000n\000g\000\040\000M\000o\000d\000e\000l\000i\000n\000g}{section.2.2}% 6
\BOOKMARK [1][-]{section.2.3}{\376\377\000D\000e\000v\000e\000l\000o\000p\000m\000e\000n\000t\000\040\000o\000f\000\040\000a\000\040\000b\000a\000s\000i\000c\000\040\000s\000l\000i\000d\000e\000\040\000g\000u\000i\000t\000a\000r\000\040\000d\000i\000g\000i\000t\000a\000l\000\040\000w\000a\000v\000e\000\040\000g\000u\000i\000d\000e\000\040\000m\000o\000d\000e\000l}{chapter.2}% 7
\BOOKMARK [2][-]{subsection.2.3.1}{\376\377\000E\000n\000e\000r\000g\000y\000\040\000C\000o\000m\000p\000e\000n\000s\000a\000t\000i\000o\000n}{section.2.3}% 8
\BOOKMARK [2][-]{subsection.2.3.2}{\376\377\000L\000o\000o\000p\000\040\000F\000i\000l\000t\000e\000r}{section.2.3}% 9
\BOOKMARK [2][-]{subsection.2.3.3}{\376\377\000C\000S\000G\000\040\000D\000e\000v\000e\000l\000o\000p\000m\000e\000n\000t}{section.2.3}% 10
\BOOKMARK [1][-]{section.2.4}{\376\377\000O\000t\000h\000e\000r\000\040\000D\000e\000v\000e\000l\000o\000p\000m\000e\000n\000t\000s\000\040\000a\000n\000d\000\040\000A\000p\000p\000r\000o\000a\000c\000h\000e\000s}{chapter.2}% 11
\BOOKMARK [0][-]{chapter.3}{\376\377\000D\000e\000s\000c\000r\000i\000p\000t\000i\000o\000n\000\040\000o\000f\000\040\000S\000l\000i\000d\000e\000\040\000G\000u\000i\000t\000a\000r\000\040\000S\000y\000n\000t\000h\000e\000s\000i\000s\000\040\000M\000o\000d\000e\000l}{}% 12
\BOOKMARK [1][-]{section.3.1}{\376\377\000I\000n\000t\000r\000o\000d\000u\000c\000t\000i\000o\000n\000\040\000o\000f\000\040\000A\000r\000c\000h\000i\000t\000e\000c\000t\000u\000r\000e}{chapter.3}% 13
\BOOKMARK [2][-]{subsection.3.1.1}{\376\377\000D\000i\000a\000g\000r\000a\000m\000\040\000C\000o\000n\000v\000e\000n\000t\000i\000o\000n\000s}{section.3.1}% 14
\BOOKMARK [2][-]{subsection.3.1.2}{\376\377\000S\000i\000n\000g\000l\000e\000\040\000S\000t\000r\000i\000n\000g\000\040\000S\000l\000i\000d\000e\000\040\000S\000y\000n\000t\000h\000e\000s\000i\000z\000e\000r}{section.3.1}% 15
\BOOKMARK [2][-]{subsection.3.1.3}{\376\377\000C\000o\000n\000t\000r\000o\000l\000\040\000S\000i\000g\000n\000a\000l\000\040\000P\000r\000o\000c\000e\000s\000s\000o\000r}{section.3.1}% 16
\BOOKMARK [2][-]{subsection.3.1.4}{\376\377\000S\000t\000r\000i\000n\000g\000\040\000D\000W\000G}{section.3.1}% 17
\BOOKMARK [2][-]{subsection.3.1.5}{\376\377\000C\000o\000n\000t\000a\000c\000t\000\040\000S\000o\000u\000n\000d\000\040\000G\000e\000n\000e\000r\000a\000t\000o\000r}{section.3.1}% 18
\BOOKMARK [2][-]{subsection.3.1.6}{\376\377\000G\000e\000n\000e\000r\000a\000t\000i\000n\000g\000\040\000C\000o\000n\000t\000r\000o\000l\000\040\000S\000i\000g\000n\000a\000l\000s}{section.3.1}% 19
\BOOKMARK [1][-]{section.3.2}{\376\377\000L\000i\000m\000i\000t\000a\000t\000i\000o\000n\000s\000\040\000o\000f\000\040\000M\000o\000d\000e\000l}{chapter.3}% 20
\BOOKMARK [2][-]{subsection.3.2.1}{\376\377\000L\000o\000o\000p\000\040\000F\000i\000l\000t\000e\000r\000\040\000M\000a\000g\000n\000i\000t\000u\000d\000e\000\040\000R\000e\000s\000p\000o\000n\000s\000e}{section.3.2}% 21
\BOOKMARK [2][-]{subsection.3.2.2}{\376\377\000N\000o\000n\000-\000c\000o\000n\000s\000t\000a\000n\000t\000\040\000P\000h\000a\000s\000e\000\040\000D\000e\000l\000a\000y\000\040\000o\000f\000\040\000F\000i\000l\000t\000e\000r\000s}{section.3.2}% 22
\BOOKMARK [2][-]{subsection.3.2.3}{\376\377\000B\000a\000n\000d\000w\000i\000d\000t\000h\000\040\000L\000i\000m\000i\000t\000a\000t\000i\000o\000n\000s}{section.3.2}% 23
\BOOKMARK [0][-]{chapter.4}{\376\377\000V\000e\000r\000i\000f\000i\000c\000a\000t\000i\000o\000n\000\040\000O\000f\000\040\000S\000l\000i\000d\000e\000\040\000M\000o\000d\000e\000l\000\040\000a\000n\000d\000\040\000C\000o\000n\000s\000t\000i\000t\000u\000e\000n\000t\000\040\000C\000o\000m\000p\000o\000n\000e\000n\000t\000s}{}% 24
\BOOKMARK [1][-]{section.4.1}{\376\377\000F\000i\000l\000t\000e\000r\000s}{chapter.4}% 25
\BOOKMARK [2][-]{subsection.4.1.1}{\376\377\000R\000e\000s\000o\000n\000a\000t\000o\000r}{section.4.1}% 26
\BOOKMARK [2][-]{subsection.4.1.2}{\376\377\000L\000o\000n\000g\000i\000t\000u\000d\000i\000n\000a\000l\000\040\000M\000o\000d\000e\000s}{section.4.1}% 27
\BOOKMARK [2][-]{subsection.4.1.3}{\376\377\000D\000C\000\040\000B\000l\000o\000c\000k\000e\000r}{section.4.1}% 28
\BOOKMARK [2][-]{subsection.4.1.4}{\376\377\000S\000m\000o\000o\000t\000h\000i\000n\000g\000\040\000F\000i\000l\000t\000e\000r}{section.4.1}% 29
\BOOKMARK [1][-]{section.4.2}{\376\377\000C\000S\000P\000\040\000a\000n\000d\000\040\000C\000o\000m\000p\000o\000n\000e\000n\000t\000s}{chapter.4}% 30
\BOOKMARK [2][-]{subsection.4.2.1}{\376\377\000C\000o\000m\000p\000o\000n\000e\000n\000t\000s}{section.4.2}% 31
\BOOKMARK [2][-]{subsection.4.2.2}{\376\377\000C\000o\000n\000t\000r\000o\000l\000\040\000S\000i\000g\000n\000a\000l\000\040\000P\000r\000o\000c\000e\000s\000s\000o\000r}{section.4.2}% 32
\BOOKMARK [2][-]{subsection.4.2.3}{\376\377\000L\000o\000o\000p\000\040\000F\000i\000l\000t\000e\000r}{section.4.2}% 33
\BOOKMARK [1][-]{section.4.3}{\376\377\000N\000o\000i\000s\000e\000\040\000G\000e\000n\000e\000r\000a\000t\000i\000o\000n\000\040\000O\000b\000j\000e\000c\000t\000s}{chapter.4}% 34
\BOOKMARK [2][-]{subsection.4.3.1}{\376\377\000I\000m\000p\000u\000l\000s\000e\000\040\000T\000r\000a\000i\000n}{section.4.3}% 35
\BOOKMARK [2][-]{subsection.4.3.2}{\376\377\000E\000x\000p\000o\000n\000e\000n\000t\000i\000a\000l\000\040\000D\000e\000c\000a\000y}{section.4.3}% 36
\BOOKMARK [2][-]{subsection.4.3.3}{\376\377\000N\000o\000i\000s\000e\000\040\000P\000u\000l\000s\000e\000\040\000T\000r\000a\000i\000n}{section.4.3}% 37
\BOOKMARK [2][-]{subsection.4.3.4}{\376\377\000N\000o\000i\000s\000e\000\040\000B\000u\000r\000s\000t\000\040\000G\000e\000n\000e\000r\000a\000t\000o\000r}{section.4.3}% 38
\BOOKMARK [1][-]{section.4.4}{\376\377\000H\000a\000r\000m\000o\000n\000i\000c\000\040\000A\000c\000c\000e\000n\000t\000u\000a\000t\000o\000r\000s}{chapter.4}% 39
\BOOKMARK [2][-]{subsection.4.4.1}{\376\377\000H\000a\000r\000m\000o\000n\000i\000c\000\040\000R\000e\000s\000o\000n\000a\000t\000o\000r\000\040\000B\000a\000n\000k}{section.4.4}% 40
\BOOKMARK [2][-]{subsection.4.4.2}{\376\377\000R\000e\000s\000o\000\040\000+\000\040\000T\000a\000n\000h}{section.4.4}% 41
\BOOKMARK [1][-]{section.4.5}{\376\377\000C\000o\000n\000t\000a\000c\000t\000\040\000S\000o\000u\000n\000d\000\040\000G\000e\000n\000e\000r\000a\000t\000o\000r}{chapter.4}% 42
\BOOKMARK [2][-]{subsection.4.5.1}{\376\377\000W\000o\000u\000n\000d\000\040\000V\000a\000r\000i\000a\000n\000t}{section.4.5}% 43
\BOOKMARK [2][-]{subsection.4.5.2}{\376\377\000U\000n\000w\000o\000u\000n\000d\000\040\000V\000a\000r\000i\000a\000n\000t}{section.4.5}% 44
\BOOKMARK [1][-]{section.4.6}{\376\377\000S\000t\000r\000i\000n\000g\000\040\000D\000W\000G\000\040\000a\000n\000d\000\040\000C\000o\000m\000p\000o\000n\000e\000n\000t\000s}{chapter.4}% 45
\BOOKMARK [2][-]{subsection.4.6.1}{\376\377\000I\000n\000t\000e\000r\000p\000o\000l\000a\000t\000e\000d\000\040\000D\000e\000l\000a\000y\000\040\000L\000i\000n\000e}{section.4.6}% 46
\BOOKMARK [2][-]{subsection.4.6.2}{\376\377\000E\000n\000e\000r\000g\000y\000\040\000S\000c\000a\000l\000e\000r}{section.4.6}% 47
\BOOKMARK [2][-]{subsection.4.6.3}{\376\377\000S\000t\000r\000i\000n\000g\000\040\000D\000i\000g\000i\000t\000a\000l\000\040\000W\000a\000v\000e\000g\000u\000i\000d\000e}{section.4.6}% 48
\BOOKMARK [1][-]{section.4.7}{\376\377\000S\000l\000i\000d\000e\000\040\000S\000y\000n\000t\000h\000e\000s\000i\000z\000e\000r}{chapter.4}% 49
\BOOKMARK [0][-]{chapter.5}{\376\377\000P\000h\000y\000s\000i\000c\000a\000l\000\040\000M\000e\000a\000s\000u\000r\000e\000m\000e\000n\000t\000s\000\040\000o\000f\000\040\000S\000l\000i\000d\000e\000\040\000S\000o\000u\000n\000d\000s}{}% 50
\BOOKMARK [1][-]{section.5.1}{\376\377\000E\000x\000p\000e\000r\000i\000m\000e\000n\000t\000a\000l\000\040\000S\000e\000t\000u\000p}{chapter.5}% 51
\BOOKMARK [1][-]{section.5.2}{\376\377\000S\000t\000r\000i\000n\000g\000\040\000W\000i\000n\000d\000i\000n\000g\000\040\000D\000e\000n\000s\000i\000t\000y}{chapter.5}% 52
\BOOKMARK [1][-]{section.5.3}{\376\377\000T\000r\000a\000n\000s\000v\000e\000r\000s\000e\000\040\000t\000o\000\040\000L\000o\000n\000g\000i\000t\000u\000d\000i\000n\000a\000l\000\040\000C\000o\000u\000p\000l\000i\000n\000g}{chapter.5}% 53
\BOOKMARK [2][-]{subsection.5.3.1}{\376\377\000S\000e\000t\000u\000p\000\040\000a\000n\000d\000\040\000M\000e\000t\000h\000o\000d}{section.5.3}% 54
\BOOKMARK [2][-]{subsection.5.3.2}{\376\377\000R\000e\000s\000u\000l\000t\000s}{section.5.3}% 55
\BOOKMARK [1][-]{section.5.4}{\376\377\000C\000o\000n\000t\000a\000c\000t\000\040\000N\000o\000i\000s\000e\000\040\000S\000p\000e\000c\000t\000r\000u\000m}{chapter.5}% 56
\BOOKMARK [2][-]{subsection.5.4.1}{\376\377\000M\000e\000t\000h\000o\000d}{section.5.4}% 57
\BOOKMARK [2][-]{subsection.5.4.2}{\376\377\000R\000e\000s\000u\000l\000t\000s}{section.5.4}% 58
\BOOKMARK [1][-]{section.5.5}{\376\377\000D\000e\000c\000a\000y\000\040\000R\000a\000t\000e\000\040\000o\000f\000\040\000S\000i\000n\000g\000l\000e\000\040\000W\000i\000n\000d\000i\000n\000g\000\040\000I\000m\000p\000a\000c\000t}{chapter.5}% 59
\BOOKMARK [2][-]{subsection.5.5.1}{\376\377\000M\000e\000t\000h\000o\000d\000s}{section.5.5}% 60
\BOOKMARK [2][-]{subsection.5.5.2}{\376\377\000R\000e\000s\000u\000l\000t\000s}{section.5.5}% 61
\BOOKMARK [1][-]{section.5.6}{\376\377\000P\000l\000a\000y\000i\000n\000g\000\040\000E\000x\000a\000m\000p\000l\000e\000s}{chapter.5}% 62
\BOOKMARK [0][-]{chapter.6}{\376\377\000S\000o\000u\000n\000d\000\040\000D\000e\000s\000i\000g\000n\000\040\000a\000n\000d\000\040\000C\000o\000n\000t\000r\000o\000l\000l\000i\000n\000g\000\040\000P\000a\000r\000a\000m\000e\000t\000e\000r\000s}{}% 63
\BOOKMARK [1][-]{section.6.1}{\376\377\000A\000l\000t\000e\000r\000n\000a\000t\000e\000\040\000A\000r\000c\000h\000i\000t\000e\000c\000t\000u\000r\000e\000\040\000C\000o\000n\000s\000i\000d\000e\000r\000a\000t\000i\000o\000n\000s}{chapter.6}% 64
\BOOKMARK [1][-]{section.6.2}{\376\377\000T\000u\000n\000i\000n\000g\000\040\000P\000a\000r\000a\000m\000e\000t\000e\000r\000s}{chapter.6}% 65
\BOOKMARK [2][-]{subsection.6.2.1}{\376\377\000T\0006\0000}{section.6.2}% 66
\BOOKMARK [1][-]{section.6.3}{\376\377\000W\000a\000v\000e\000f\000o\000r\000m\000\040\000I\000n\000i\000t\000i\000a\000l\000i\000z\000a\000t\000i\000o\000n}{chapter.6}% 67
\BOOKMARK [2][-]{subsection.6.3.1}{\376\377\000R\000e\000m\000o\000v\000i\000n\000g\000\040\000D\000C\000\040\000C\000o\000m\000p\000o\000n\000e\000n\000t\000\040\000f\000r\000o\000m\000\040\000S\000t\000r\000i\000n\000g\000\040\000D\000W\000G}{section.6.3}% 68
\BOOKMARK [1][-]{section.6.4}{\376\377\000C\000o\000n\000t\000r\000o\000l\000\040\000S\000i\000g\000n\000a\000l\000\040\000P\000a\000r\000a\000m\000e\000t\000r\000i\000z\000a\000t\000i\000o\000n}{chapter.6}% 69
\BOOKMARK [0][-]{chapter.7}{\376\377\000C\000o\000n\000c\000l\000u\000s\000i\000o\000n}{}% 70
\BOOKMARK [1][-]{section.7.1}{\376\377\000F\000u\000t\000u\000r\000e\000\040\000W\000o\000r\000k}{chapter.7}% 71
\BOOKMARK [0][-]{appendix.A}{\376\377\000S\000t\000r\000i\000n\000g\000\040\000W\000i\000n\000d\000i\000n\000g\000\040\000M\000e\000a\000s\000u\000r\000e\000m\000e\000n\000t\000\040\000P\000h\000o\000t\000o\000s}{}% 72
\BOOKMARK [0][-]{appendix.B}{\376\377\000C\000l\000a\000s\000s\000\040\000H\000i\000e\000r\000a\000r\000c\000h\000y}{}% 73
\BOOKMARK [0][-]{appendix.C}{\376\377\000C\000o\000d\000e}{}% 74
